2026-02-14 15:40:31,102 [INFO] calculator.api: add(2.0, 3.0) = 5.0
2026-02-14 15:40:31,103 [INFO] httpx: HTTP Request: POST http://testserver/add "HTTP/1.1 200 OK"
2026-02-14 15:40:31,106 [INFO] calculator.api: subtract(10.0, 4.0) = 6.0
2026-02-14 15:40:31,108 [INFO] httpx: HTTP Request: POST http://testserver/subtract "HTTP/1.1 200 OK"
2026-02-14 15:40:31,111 [INFO] calculator.api: multiply(3.0, 7.0) = 21.0
2026-02-14 15:40:31,112 [INFO] httpx: HTTP Request: POST http://testserver/multiply "HTTP/1.1 200 OK"
2026-02-14 15:40:31,117 [INFO] calculator.api: divide(15.0, 4.0) = 3.75
2026-02-14 15:40:31,118 [INFO] httpx: HTTP Request: POST http://testserver/divide "HTTP/1.1 200 OK"
2026-02-14 15:40:31,121 [WARNING] calculator.calculator: Division by zero attempted: divide(1.0, 0.0)
2026-02-14 15:40:31,128 [WARNING] calculator.api: Validation error on /divide: Cannot divide by zero
2026-02-14 15:40:31,129 [INFO] httpx: HTTP Request: POST http://testserver/divide "HTTP/1.1 400 Bad Request"
2026-02-14 15:40:31,131 [INFO] calculator.api: power(2.0, 3.0) = 8.0
2026-02-14 15:40:31,132 [INFO] httpx: HTTP Request: POST http://testserver/power "HTTP/1.1 200 OK"
2026-02-14 15:40:31,135 [INFO] calculator.api: modulo(10.0, 3.0) = 1.0
2026-02-14 15:40:31,135 [INFO] httpx: HTTP Request: POST http://testserver/modulo "HTTP/1.1 200 OK"
2026-02-14 15:40:31,137 [WARNING] calculator.calculator: Modulo by zero attempted: modulo(10.0, 0.0)
2026-02-14 15:40:31,137 [WARNING] calculator.api: Validation error on /modulo: Cannot modulo by zero
2026-02-14 15:40:31,138 [INFO] httpx: HTTP Request: POST http://testserver/modulo "HTTP/1.1 400 Bad Request"
2026-02-14 15:40:31,141 [INFO] calculator.api: sqrt(16.0) = 4.0
2026-02-14 15:40:31,142 [INFO] httpx: HTTP Request: POST http://testserver/sqrt "HTTP/1.1 200 OK"
2026-02-14 15:40:31,144 [WARNING] calculator.calculator: Square root of negative number attempted: sqrt(-1.0)
2026-02-14 15:40:31,145 [WARNING] calculator.api: Validation error on /sqrt: Cannot take square root of a negative number
2026-02-14 15:40:31,145 [INFO] httpx: HTTP Request: POST http://testserver/sqrt "HTTP/1.1 400 Bad Request"
2026-02-14 15:40:31,148 [INFO] calculator.api: nth_root(27.0, 3.0) = 3.0
2026-02-14 15:40:31,149 [INFO] httpx: HTTP Request: POST http://testserver/nth_root "HTTP/1.1 200 OK"
2026-02-14 15:40:31,150 [WARNING] calculator.calculator: Zeroth root attempted: nth_root(8.0, 0.0)
2026-02-14 15:40:31,151 [WARNING] calculator.api: Validation error on /nth_root: Cannot take zeroth root
2026-02-14 15:40:31,152 [INFO] httpx: HTTP Request: POST http://testserver/nth_root "HTTP/1.1 400 Bad Request"
2026-02-14 15:40:31,155 [INFO] calculator.api: floor_divide(7.0, 2.0) = 3.0
2026-02-14 15:40:31,156 [INFO] httpx: HTTP Request: POST http://testserver/floor_divide "HTTP/1.1 200 OK"
2026-02-14 15:40:31,159 [WARNING] calculator.calculator: Floor division by zero attempted: floor_divide(7.0, 0.0)
2026-02-14 15:40:31,160 [WARNING] calculator.api: Validation error on /floor_divide: Cannot floor divide by zero
2026-02-14 15:40:31,161 [INFO] httpx: HTTP Request: POST http://testserver/floor_divide "HTTP/1.1 400 Bad Request"
2026-02-14 15:40:31,163 [INFO] calculator.api: absolute(-5.0) = 5.0
2026-02-14 15:40:31,163 [INFO] httpx: HTTP Request: POST http://testserver/absolute "HTTP/1.1 200 OK"
2026-02-14 15:40:31,165 [INFO] calculator.api: round(3.14159, 2) = 3.14
2026-02-14 15:40:31,166 [INFO] httpx: HTTP Request: POST http://testserver/round "HTTP/1.1 200 OK"
2026-02-14 15:40:31,167 [INFO] calculator.api: round(3.7, 0) = 4.0
2026-02-14 15:40:31,168 [INFO] httpx: HTTP Request: POST http://testserver/round "HTTP/1.1 200 OK"
2026-02-14 15:40:31,170 [INFO] calculator.api: floor(3.7) = 3.0
2026-02-14 15:40:31,170 [INFO] httpx: HTTP Request: POST http://testserver/floor "HTTP/1.1 200 OK"
2026-02-14 15:40:31,172 [INFO] calculator.api: ceil(3.2) = 4.0
2026-02-14 15:40:31,173 [INFO] httpx: HTTP Request: POST http://testserver/ceil "HTTP/1.1 200 OK"
2026-02-14 15:40:31,175 [INFO] calculator.api: log10(100.0) = 2.0
2026-02-14 15:40:31,176 [INFO] httpx: HTTP Request: POST http://testserver/log10 "HTTP/1.1 200 OK"
2026-02-14 15:40:31,177 [WARNING] calculator.calculator: Log of non-positive number attempted: log10(0.0)
2026-02-14 15:40:31,178 [WARNING] calculator.api: Validation error on /log10: Cannot take logarithm of a non-positive number
2026-02-14 15:40:31,178 [INFO] httpx: HTTP Request: POST http://testserver/log10 "HTTP/1.1 400 Bad Request"
2026-02-14 15:40:31,180 [INFO] calculator.api: ln(1.0) = 0.0
2026-02-14 15:40:31,181 [INFO] httpx: HTTP Request: POST http://testserver/ln "HTTP/1.1 200 OK"
2026-02-14 15:40:31,183 [WARNING] calculator.calculator: Log of non-positive number attempted: ln(-1.0)
2026-02-14 15:40:31,183 [WARNING] calculator.api: Validation error on /ln: Cannot take logarithm of a non-positive number
2026-02-14 15:40:31,184 [INFO] httpx: HTTP Request: POST http://testserver/ln "HTTP/1.1 400 Bad Request"
2026-02-14 15:40:31,185 [INFO] calculator.api: exp(0.0) = 1.0
2026-02-14 15:40:31,186 [INFO] httpx: HTTP Request: POST http://testserver/exp "HTTP/1.1 200 OK"
2026-02-14 15:40:31,191 [WARNING] calculator.calculator: Division by zero attempted: divide(10, 0)
2026-02-14 15:40:31,194 [WARNING] calculator.calculator: Modulo by zero attempted: modulo(10, 0)
2026-02-14 15:40:31,196 [WARNING] calculator.calculator: Square root of negative number attempted: sqrt(-1)
2026-02-14 15:40:31,197 [WARNING] calculator.calculator: Log of non-positive number attempted: log10(0)
2026-02-14 15:40:31,198 [WARNING] calculator.calculator: Log of non-positive number attempted: log10(-5)
2026-02-14 15:40:31,199 [WARNING] calculator.calculator: Log of non-positive number attempted: ln(0)
2026-02-14 15:40:31,199 [WARNING] calculator.calculator: Log of non-positive number attempted: ln(-1)
2026-02-14 15:40:31,201 [WARNING] calculator.calculator: Even root of negative number attempted: nth_root(-4, 2)
2026-02-14 15:40:31,202 [WARNING] calculator.calculator: Zeroth root attempted: nth_root(8, 0)
2026-02-14 15:40:31,203 [WARNING] calculator.calculator: Floor division by zero attempted: floor_divide(10, 0)
2026-02-14 15:52:15,317 [INFO] calculator.api: add(2.0, 3.0) = 5.0
2026-02-14 15:52:15,319 [INFO] httpx: HTTP Request: POST http://testserver/add "HTTP/1.1 200 OK"
2026-02-14 15:52:15,321 [INFO] calculator.api: subtract(10.0, 4.0) = 6.0
2026-02-14 15:52:15,322 [INFO] httpx: HTTP Request: POST http://testserver/subtract "HTTP/1.1 200 OK"
2026-02-14 15:52:15,324 [INFO] calculator.api: multiply(3.0, 7.0) = 21.0
2026-02-14 15:52:15,325 [INFO] httpx: HTTP Request: POST http://testserver/multiply "HTTP/1.1 200 OK"
2026-02-14 15:52:15,331 [INFO] calculator.api: divide(15.0, 4.0) = 3.75
2026-02-14 15:52:15,332 [INFO] httpx: HTTP Request: POST http://testserver/divide "HTTP/1.1 200 OK"
2026-02-14 15:52:15,335 [WARNING] calculator.calculator: Division by zero attempted: divide(1.0, 0.0)
2026-02-14 15:52:15,341 [WARNING] calculator.api: Validation error on /divide: Cannot divide by zero
2026-02-14 15:52:15,342 [INFO] httpx: HTTP Request: POST http://testserver/divide "HTTP/1.1 400 Bad Request"
2026-02-14 15:52:15,345 [INFO] calculator.api: power(2.0, 3.0) = 8.0
2026-02-14 15:52:15,346 [INFO] httpx: HTTP Request: POST http://testserver/power "HTTP/1.1 200 OK"
2026-02-14 15:52:15,349 [INFO] calculator.api: modulo(10.0, 3.0) = 1.0
2026-02-14 15:52:15,350 [INFO] httpx: HTTP Request: POST http://testserver/modulo "HTTP/1.1 200 OK"
2026-02-14 15:52:15,352 [WARNING] calculator.calculator: Modulo by zero attempted: modulo(10.0, 0.0)
2026-02-14 15:52:15,353 [WARNING] calculator.api: Validation error on /modulo: Cannot modulo by zero
2026-02-14 15:52:15,354 [INFO] httpx: HTTP Request: POST http://testserver/modulo "HTTP/1.1 400 Bad Request"
2026-02-14 15:52:15,357 [INFO] calculator.api: sqrt(16.0) = 4.0
2026-02-14 15:52:15,358 [INFO] httpx: HTTP Request: POST http://testserver/sqrt "HTTP/1.1 200 OK"
2026-02-14 15:52:15,361 [WARNING] calculator.calculator: Square root of negative number attempted: sqrt(-1.0)
2026-02-14 15:52:15,362 [WARNING] calculator.api: Validation error on /sqrt: Cannot take square root of a negative number
2026-02-14 15:52:15,363 [INFO] httpx: HTTP Request: POST http://testserver/sqrt "HTTP/1.1 400 Bad Request"
2026-02-14 15:52:15,367 [INFO] calculator.api: nth_root(27.0, 3.0) = 3.0
2026-02-14 15:52:15,368 [INFO] httpx: HTTP Request: POST http://testserver/nth_root "HTTP/1.1 200 OK"
2026-02-14 15:52:15,371 [WARNING] calculator.calculator: Zeroth root attempted: nth_root(8.0, 0.0)
2026-02-14 15:52:15,371 [WARNING] calculator.api: Validation error on /nth_root: Cannot take zeroth root
2026-02-14 15:52:15,372 [INFO] httpx: HTTP Request: POST http://testserver/nth_root "HTTP/1.1 400 Bad Request"
2026-02-14 15:52:15,375 [INFO] calculator.api: floor_divide(7.0, 2.0) = 3.0
2026-02-14 15:52:15,376 [INFO] httpx: HTTP Request: POST http://testserver/floor_divide "HTTP/1.1 200 OK"
2026-02-14 15:52:15,379 [WARNING] calculator.calculator: Floor division by zero attempted: floor_divide(7.0, 0.0)
2026-02-14 15:52:15,379 [WARNING] calculator.api: Validation error on /floor_divide: Cannot floor divide by zero
2026-02-14 15:52:15,380 [INFO] httpx: HTTP Request: POST http://testserver/floor_divide "HTTP/1.1 400 Bad Request"
2026-02-14 15:52:15,382 [INFO] calculator.api: absolute(-5.0) = 5.0
2026-02-14 15:52:15,383 [INFO] httpx: HTTP Request: POST http://testserver/absolute "HTTP/1.1 200 OK"
2026-02-14 15:52:15,386 [INFO] calculator.api: round(3.14159, 2) = 3.14
2026-02-14 15:52:15,386 [INFO] httpx: HTTP Request: POST http://testserver/round "HTTP/1.1 200 OK"
2026-02-14 15:52:15,389 [INFO] calculator.api: round(3.7, 0) = 4.0
2026-02-14 15:52:15,390 [INFO] httpx: HTTP Request: POST http://testserver/round "HTTP/1.1 200 OK"
2026-02-14 15:52:15,392 [INFO] calculator.api: floor(3.7) = 3.0
2026-02-14 15:52:15,393 [INFO] httpx: HTTP Request: POST http://testserver/floor "HTTP/1.1 200 OK"
2026-02-14 15:52:15,396 [INFO] calculator.api: ceil(3.2) = 4.0
2026-02-14 15:52:15,398 [INFO] httpx: HTTP Request: POST http://testserver/ceil "HTTP/1.1 200 OK"
2026-02-14 15:52:15,400 [INFO] calculator.api: log10(100.0) = 2.0
2026-02-14 15:52:15,402 [INFO] httpx: HTTP Request: POST http://testserver/log10 "HTTP/1.1 200 OK"
2026-02-14 15:52:15,404 [WARNING] calculator.calculator: Log of non-positive number attempted: log10(0.0)
2026-02-14 15:52:15,405 [WARNING] calculator.api: Validation error on /log10: Cannot take logarithm of a non-positive number
2026-02-14 15:52:15,406 [INFO] httpx: HTTP Request: POST http://testserver/log10 "HTTP/1.1 400 Bad Request"
2026-02-14 15:52:15,408 [INFO] calculator.api: ln(1.0) = 0.0
2026-02-14 15:52:15,410 [INFO] httpx: HTTP Request: POST http://testserver/ln "HTTP/1.1 200 OK"
2026-02-14 15:52:15,412 [WARNING] calculator.calculator: Log of non-positive number attempted: ln(-1.0)
2026-02-14 15:52:15,413 [WARNING] calculator.api: Validation error on /ln: Cannot take logarithm of a non-positive number
2026-02-14 15:52:15,415 [INFO] httpx: HTTP Request: POST http://testserver/ln "HTTP/1.1 400 Bad Request"
2026-02-14 15:52:15,418 [INFO] calculator.api: exp(0.0) = 1.0
2026-02-14 15:52:15,419 [INFO] httpx: HTTP Request: POST http://testserver/exp "HTTP/1.1 200 OK"
2026-02-14 15:52:15,426 [WARNING] calculator.calculator: Division by zero attempted: divide(10, 0)
2026-02-14 15:52:15,430 [WARNING] calculator.calculator: Modulo by zero attempted: modulo(10, 0)
2026-02-14 15:52:15,433 [WARNING] calculator.calculator: Square root of negative number attempted: sqrt(-1)
2026-02-14 15:52:15,435 [WARNING] calculator.calculator: Log of non-positive number attempted: log10(0)
2026-02-14 15:52:15,435 [WARNING] calculator.calculator: Log of non-positive number attempted: log10(-5)
2026-02-14 15:52:15,436 [WARNING] calculator.calculator: Log of non-positive number attempted: ln(0)
2026-02-14 15:52:15,437 [WARNING] calculator.calculator: Log of non-positive number attempted: ln(-1)
2026-02-14 15:52:15,439 [WARNING] calculator.calculator: Even root of negative number attempted: nth_root(-4, 2)
2026-02-14 15:52:15,440 [WARNING] calculator.calculator: Zeroth root attempted: nth_root(8, 0)
2026-02-14 15:52:15,442 [WARNING] calculator.calculator: Floor division by zero attempted: floor_divide(10, 0)
2026-02-14 15:52:46,968 [INFO] calculator.api: add(2.0, 3.0) = 5.0
2026-02-14 15:52:46,970 [INFO] httpx: HTTP Request: POST http://testserver/add "HTTP/1.1 200 OK"
2026-02-14 15:52:46,972 [INFO] calculator.api: subtract(10.0, 4.0) = 6.0
2026-02-14 15:52:46,973 [INFO] httpx: HTTP Request: POST http://testserver/subtract "HTTP/1.1 200 OK"
2026-02-14 15:52:46,975 [INFO] calculator.api: multiply(3.0, 7.0) = 21.0
2026-02-14 15:52:46,976 [INFO] httpx: HTTP Request: POST http://testserver/multiply "HTTP/1.1 200 OK"
2026-02-14 15:52:46,981 [INFO] calculator.api: divide(15.0, 4.0) = 3.75
2026-02-14 15:52:46,982 [INFO] httpx: HTTP Request: POST http://testserver/divide "HTTP/1.1 200 OK"
2026-02-14 15:52:46,984 [WARNING] calculator.calculator: Division by zero attempted: divide(1.0, 0.0)
2026-02-14 15:52:46,989 [WARNING] calculator.api: Validation error on /divide: Cannot divide by zero
2026-02-14 15:52:46,991 [INFO] httpx: HTTP Request: POST http://testserver/divide "HTTP/1.1 400 Bad Request"
2026-02-14 15:52:46,996 [INFO] calculator.api: power(2.0, 3.0) = 8.0
2026-02-14 15:52:46,998 [INFO] httpx: HTTP Request: POST http://testserver/power "HTTP/1.1 200 OK"
2026-02-14 15:52:47,001 [INFO] calculator.api: modulo(10.0, 3.0) = 1.0
2026-02-14 15:52:47,002 [INFO] httpx: HTTP Request: POST http://testserver/modulo "HTTP/1.1 200 OK"
2026-02-14 15:52:47,004 [WARNING] calculator.calculator: Modulo by zero attempted: modulo(10.0, 0.0)
2026-02-14 15:52:47,005 [WARNING] calculator.api: Validation error on /modulo: Cannot modulo by zero
2026-02-14 15:52:47,006 [INFO] httpx: HTTP Request: POST http://testserver/modulo "HTTP/1.1 400 Bad Request"
2026-02-14 15:52:47,009 [INFO] calculator.api: sqrt(16.0) = 4.0
2026-02-14 15:52:47,010 [INFO] httpx: HTTP Request: POST http://testserver/sqrt "HTTP/1.1 200 OK"
2026-02-14 15:52:47,012 [WARNING] calculator.calculator: Square root of negative number attempted: sqrt(-1.0)
2026-02-14 15:52:47,013 [WARNING] calculator.api: Validation error on /sqrt: Cannot take square root of a negative number
2026-02-14 15:52:47,014 [INFO] httpx: HTTP Request: POST http://testserver/sqrt "HTTP/1.1 400 Bad Request"
2026-02-14 15:52:47,016 [INFO] calculator.api: nth_root(27.0, 3.0) = 3.0
2026-02-14 15:52:47,017 [INFO] httpx: HTTP Request: POST http://testserver/nth_root "HTTP/1.1 200 OK"
2026-02-14 15:52:47,019 [WARNING] calculator.calculator: Zeroth root attempted: nth_root(8.0, 0.0)
2026-02-14 15:52:47,019 [WARNING] calculator.api: Validation error on /nth_root: Cannot take zeroth root
2026-02-14 15:52:47,020 [INFO] httpx: HTTP Request: POST http://testserver/nth_root "HTTP/1.1 400 Bad Request"
2026-02-14 15:52:48,195 [INFO] calculator.api: floor_divide(7.0, 2.0) = 3.0
2026-02-14 15:52:48,196 [INFO] httpx: HTTP Request: POST http://testserver/floor_divide "HTTP/1.1 200 OK"
2026-02-14 15:52:48,199 [WARNING] calculator.calculator: Floor division by zero attempted: floor_divide(7.0, 0.0)
2026-02-14 15:52:48,200 [WARNING] calculator.api: Validation error on /floor_divide: Cannot floor divide by zero
2026-02-14 15:52:48,201 [INFO] httpx: HTTP Request: POST http://testserver/floor_divide "HTTP/1.1 400 Bad Request"
2026-02-14 15:52:48,203 [INFO] calculator.api: absolute(-5.0) = 5.0
2026-02-14 15:52:48,204 [INFO] httpx: HTTP Request: POST http://testserver/absolute "HTTP/1.1 200 OK"
2026-02-14 15:52:48,207 [INFO] calculator.api: round(3.14159, 2) = 3.14
2026-02-14 15:52:48,208 [INFO] httpx: HTTP Request: POST http://testserver/round "HTTP/1.1 200 OK"
2026-02-14 15:52:48,209 [INFO] calculator.api: round(3.7, 0) = 4.0
2026-02-14 15:52:48,210 [INFO] httpx: HTTP Request: POST http://testserver/round "HTTP/1.1 200 OK"
2026-02-14 15:52:48,212 [INFO] calculator.api: floor(3.7) = 3.0
2026-02-14 15:52:48,213 [INFO] httpx: HTTP Request: POST http://testserver/floor "HTTP/1.1 200 OK"
2026-02-14 15:52:48,215 [INFO] calculator.api: ceil(3.2) = 4.0
2026-02-14 15:52:48,216 [INFO] httpx: HTTP Request: POST http://testserver/ceil "HTTP/1.1 200 OK"
2026-02-14 15:52:48,219 [INFO] calculator.api: log10(100.0) = 2.0
2026-02-14 15:52:48,220 [INFO] httpx: HTTP Request: POST http://testserver/log10 "HTTP/1.1 200 OK"
2026-02-14 15:52:48,222 [WARNING] calculator.calculator: Log of non-positive number attempted: log10(0.0)
2026-02-14 15:52:48,223 [WARNING] calculator.api: Validation error on /log10: Cannot take logarithm of a non-positive number
2026-02-14 15:52:48,223 [INFO] httpx: HTTP Request: POST http://testserver/log10 "HTTP/1.1 400 Bad Request"
2026-02-14 15:52:48,225 [INFO] calculator.api: ln(1.0) = 0.0
2026-02-14 15:52:48,226 [INFO] httpx: HTTP Request: POST http://testserver/ln "HTTP/1.1 200 OK"
2026-02-14 15:52:48,228 [WARNING] calculator.calculator: Log of non-positive number attempted: ln(-1.0)
2026-02-14 15:52:48,229 [WARNING] calculator.api: Validation error on /ln: Cannot take logarithm of a non-positive number
2026-02-14 15:52:48,229 [INFO] httpx: HTTP Request: POST http://testserver/ln "HTTP/1.1 400 Bad Request"
2026-02-14 15:52:48,231 [INFO] calculator.api: exp(0.0) = 1.0
2026-02-14 15:52:48,232 [INFO] httpx: HTTP Request: POST http://testserver/exp "HTTP/1.1 200 OK"
2026-02-14 15:52:48,237 [WARNING] calculator.calculator: Division by zero attempted: divide(10, 0)
2026-02-14 15:52:48,239 [WARNING] calculator.calculator: Modulo by zero attempted: modulo(10, 0)
2026-02-14 15:52:48,241 [WARNING] calculator.calculator: Square root of negative number attempted: sqrt(-1)
2026-02-14 15:52:48,243 [WARNING] calculator.calculator: Log of non-positive number attempted: log10(0)
2026-02-14 15:52:48,244 [WARNING] calculator.calculator: Log of non-positive number attempted: log10(-5)
2026-02-14 15:52:48,246 [WARNING] calculator.calculator: Log of non-positive number attempted: ln(0)
2026-02-14 15:52:48,247 [WARNING] calculator.calculator: Log of non-positive number attempted: ln(-1)
2026-02-14 15:52:48,249 [WARNING] calculator.calculator: Even root of negative number attempted: nth_root(-4, 2)
2026-02-14 15:52:48,249 [WARNING] calculator.calculator: Zeroth root attempted: nth_root(8, 0)
2026-02-14 15:52:48,251 [WARNING] calculator.calculator: Floor division by zero attempted: floor_divide(10, 0)
